
=== Fri Jan 18 17:04:11 2019

Packages were changed.
Update Mode: updateDependencies

The following packages were added:
  com.unity.analytics@3.2.2
  com.unity.purchasing@2.0.3
  com.unity.ads@2.0.8
  com.unity.textmeshpro@1.3.0
  com.unity.collab-proxy@1.2.15
The following packages were updated:
  com.unity.package-manager-ui from version 1.9.11 to 2.0.3

=== Fri Jan 18 17:07:29 2019

Packages were changed.
Update Mode: resetToDefaultDependencies

The following packages were removed:
  com.unity.cinemachine@2.2.7

=== Fri Mar 22 12:58:00 2019

Packages were changed.
Update Mode: updateDependencies

The following packages were updated:
  com.unity.package-manager-ui from version 2.0.3 to 2.0.7

=== Fri May  3 19:50:48 2019

Packages were changed.
Update Mode: updateDependencies

The following packages were added:
  com.unity.timeline@1.0.0
  com.unity.multiplayer-hlapi@1.0.2
  com.unity.xr.legacyinputhelpers@2.0.2
The following packages were updated:
  com.unity.analytics from version 3.2.2 to 3.3.2
  com.unity.collab-proxy from version 1.2.15 to 1.2.16
  com.unity.package-manager-ui from version 2.0.7 to 2.1.2
  com.unity.purchasing from version 2.0.3 to 2.0.6
  com.unity.textmeshpro from version 1.3.0 to 2.0.0

=== Thu Jun  6 23:37:46 2019

Packages were changed.
Update Mode: updateDependencies

The following packages were updated:
  com.unity.textmeshpro from version 2.0.0 to 2.0.1
